<?xml version="1.0" encoding="utf-8"?><testsuites name="pytest tests"><testsuite name="pytest" errors="0" failures="0" skipped="0" tests="10" time="1.404" timestamp="2026-05-12T03:48:22.574859+00:00" hostname="agent-env-49f3b650-4cc6-47cb-91f8-7e9f4ce57909"><testcase classname="tests.test_planning" name="test_planning_locks_returns_27_locks" time="0.154" /><testcase classname="tests.test_planning" name="test_trip_plan_downstream_order" time="0.117" /><testcase classname="tests.test_planning" name="test_trip_plan_upstream_order" time="0.105" /><testcase classname="tests.test_planning" name="test_trip_plan_rejects_equal_endpoints" time="0.111" /><testcase classname="tests.test_planning" name="test_trip_plan_default_speed_when_no_speed_provided" time="0.171" /><testcase classname="tests.test_planning" name="test_lock_queue_returns_structure" time="0.114" /><testcase classname="tests.test_planning" name="test_lock_queue_unknown_lock_returns_404" time="0.103" /><testcase classname="tests.test_planning" name="test_meetings_predictor_returns_list" time="0.100" /><testcase classname="tests.test_planning" name="test_bottlenecks_forecast_returns_all_locks" time="0.155" /><testcase classname="tests.test_planning" name="test_bottlenecks_window_validation" time="0.223" /></testsuite></testsuites>