<?xml version="1.0" encoding="utf-8"?><testsuites name="pytest tests"><testsuite name="pytest" errors="0" failures="0" skipped="0" tests="9" time="0.863" timestamp="2026-02-12T04:46:19.777435+00:00" hostname="agent-env-220f7b80-aeec-47cc-b91e-8d67c8c636bc"><testcase classname="backend.tests.test_user_vessel_simulation.TestUserVesselSimulation" name="test_get_simulation_status" time="0.075" /><testcase classname="backend.tests.test_user_vessel_simulation.TestUserVesselSimulation" name="test_enable_simulation" time="0.033" /><testcase classname="backend.tests.test_user_vessel_simulation.TestUserVesselSimulation" name="test_verify_simulation_enabled" time="0.081" /><testcase classname="backend.tests.test_user_vessel_simulation.TestUserVesselSimulation" name="test_disable_simulation" time="0.034" /><testcase classname="backend.tests.test_user_vessel_simulation.TestUserVesselSimulation" name="test_stop_simulation_endpoint" time="0.070" /><testcase classname="backend.tests.test_user_vessel_simulation.TestUserVesselSimulation" name="test_update_simulation_parameters" time="0.072" /><testcase classname="backend.tests.test_user_vessel_simulation.TestUserVesselSimulation" name="test_heading_values" time="0.073" /><testcase classname="backend.tests.test_user_vessel_simulation.TestUserVesselSimulation" name="test_vessel_appears_in_active_vessels" time="0.150" /><testcase classname="backend.tests.test_user_vessel_simulation.TestUserVesselSimulationWithAuth" name="test_simulation_with_user_mmsi" time="0.178" /></testsuite></testsuites>