<?xml version="1.0" encoding="utf-8"?><testsuites name="pytest tests"><testsuite name="pytest" errors="0" failures="3" skipped="0" tests="18" time="1.288" timestamp="2026-01-26T03:33:41.873217+00:00" hostname="agent-env-64d035f3-a61a-41f9-b26b-9cc5744885e5"><testcase classname="backend.tests.test_auth.TestHealthCheck" name="test_api_accessible" time="0.067" /><testcase classname="backend.tests.test_auth.TestUserRegistration" name="test_register_new_user" time="0.030" /><testcase classname="backend.tests.test_auth.TestUserRegistration" name="test_register_duplicate_email" time="0.013" /><testcase classname="backend.tests.test_auth.TestUserRegistration" name="test_register_invalid_email" time="0.008" /><testcase classname="backend.tests.test_auth.TestUserLogin" name="test_login_success" time="0.064" /><testcase classname="backend.tests.test_auth.TestUserLogin" name="test_login_wrong_password" time="0.011" /><testcase classname="backend.tests.test_auth.TestUserLogin" name="test_login_nonexistent_user" time="0.051" /><testcase classname="backend.tests.test_auth.TestSessionPersistence" name="test_get_current_user_authenticated" time="0.062" /><testcase classname="backend.tests.test_auth.TestSessionPersistence" name="test_get_current_user_unauthenticated" time="0.035" /><testcase classname="backend.tests.test_auth.TestUserLogout" name="test_logout_clears_session" time="0.076" /><testcase classname="backend.tests.test_auth.TestVesselManagement" name="test_add_vessel_to_fleet" time="0.112" /><testcase classname="backend.tests.test_auth.TestVesselManagement" name="test_get_user_vessels" time="0.164"><failure message="assert 0 &gt;= 1&#10; +  where 0 = len([])">backend/tests/test_auth.py:328: in test_get_user_vessels
    assert len(data["vessels"]) &gt;= 1
E   assert 0 &gt;= 1
E    +  where 0 = len([])</failure></testcase><testcase classname="backend.tests.test_auth.TestVesselManagement" name="test_add_multiple_vessels" time="0.094"><failure message="AssertionError: assert 1 &gt;= 2&#10; +  where 1 = len([{'added_at': '2026-01-26T03:33:42.730225+00:00', 'boat_name': 'Test Boat Two', 'is_primary': False, 'mmsi': '367022131'}])">backend/tests/test_auth.py:365: in test_add_multiple_vessels
    assert len(data["vessels"]) &gt;= 2
E   AssertionError: assert 1 &gt;= 2
E    +  where 1 = len([{'added_at': '2026-01-26T03:33:42.730225+00:00', 'boat_name': 'Test Boat Two', 'is_primary': False, 'mmsi': '367022131'}])</failure></testcase><testcase classname="backend.tests.test_auth.TestVesselManagement" name="test_set_primary_vessel" time="0.112"><failure message="TypeError: 'NoneType' object is not subscriptable">backend/tests/test_auth.py:394: in test_set_primary_vessel
    assert vessel_1["is_primary"] == False
           ^^^^^^^^^^^^^^^^^^^^^^
E   TypeError: 'NoneType' object is not subscriptable</failure></testcase><testcase classname="backend.tests.test_auth.TestVesselManagement" name="test_remove_vessel" time="0.131" /><testcase classname="backend.tests.test_auth.TestVesselManagement" name="test_add_duplicate_vessel_fails" time="0.079" /><testcase classname="backend.tests.test_auth.TestProtectedRoutes" name="test_vessels_endpoint_requires_auth" time="0.035" /><testcase classname="backend.tests.test_auth.TestProtectedRoutes" name="test_add_vessel_requires_auth" time="0.037" /></testsuite></testsuites>