<?xml version="1.0" encoding="utf-8"?><testsuites name="pytest tests"><testsuite name="pytest" errors="0" failures="0" skipped="0" tests="6" time="11.085" timestamp="2026-05-16T23:56:40.495240+00:00" hostname="agent-env-bb973aee-bb97-464e-a10f-e3f86ac02e59"><testcase classname="backend.tests.test_trip_plan" name="test_trip_plan_no_user" time="0.257" /><testcase classname="backend.tests.test_trip_plan" name="test_trip_plan_southbound_first_lock" time="2.636" /><testcase classname="backend.tests.test_trip_plan" name="test_trip_plan_max_locks" time="2.649" /><testcase classname="backend.tests.test_trip_plan" name="test_trip_plan_northbound_first_lock" time="2.632" /><testcase classname="backend.tests.test_trip_plan" name="test_regression_race_analysis" time="2.687" /><testcase classname="backend.tests.test_trip_plan" name="test_regression_simulation_endpoints" time="0.178" /></testsuite></testsuites>