<?xml version="1.0" encoding="utf-8"?><testsuites name="pytest tests"><testsuite name="pytest" errors="0" failures="0" skipped="0" tests="8" time="16.398" timestamp="2026-05-17T00:02:01.774944+00:00" hostname="agent-env-bb973aee-bb97-464e-a10f-e3f86ac02e59"><testcase classname="backend.tests.test_trip_plan" name="test_trip_plan_no_user" time="0.261" /><testcase classname="backend.tests.test_trip_plan" name="test_trip_plan_southbound_first_lock" time="2.645" /><testcase classname="backend.tests.test_trip_plan" name="test_trip_plan_max_locks" time="2.644" /><testcase classname="backend.tests.test_trip_plan" name="test_trip_plan_northbound_first_lock" time="2.648" /><testcase classname="backend.tests.test_trip_plan" name="test_trip_plan_skips_other_simulated_users" time="5.247" /><testcase classname="backend.tests.test_trip_plan" name="test_trip_plan_demo_vessels_present_in_active" time="0.059" /><testcase classname="backend.tests.test_trip_plan" name="test_regression_race_analysis" time="2.644" /><testcase classname="backend.tests.test_trip_plan" name="test_regression_simulation_endpoints" time="0.191" /></testsuite></testsuites>